<?xml version="1.0" encoding="UTF-8"?>
<coverage generated="1543870009">
  <project timestamp="1543870009">
    <package name="Saci\Console\Application\Commands">
      <file name="C:\inetpub\apps\console\src\Console\Application\Commands\ModuleMakerCommand.php">
        <class name="Saci\Console\Application\Commands\ModuleMakerCommand" namespace="Saci\Console\Application\Commands">
          <metrics complexity="2" methods="2" coveredmethods="2" conditionals="0" coveredconditionals="0" statements="12" coveredstatements="12" elements="14" coveredelements="14"/>
        </class>
        <line num="23" type="method" name="configure" visibility="protected" complexity="1" crap="1" count="2"/>
        <line num="25" type="stmt" count="2"/>
        <line num="26" type="stmt" count="2"/>
        <line num="27" type="stmt" count="2"/>
        <line num="28" type="stmt" count="2"/>
        <line num="29" type="stmt" count="2"/>
        <line num="37" type="method" name="execute" visibility="protected" complexity="1" crap="1" count="1"/>
        <line num="39" type="stmt" count="1"/>
        <line num="40" type="stmt" count="1"/>
        <line num="42" type="stmt" count="1"/>
        <line num="44" type="stmt" count="1"/>
        <line num="46" type="stmt" count="1"/>
        <line num="48" type="stmt" count="1"/>
        <line num="49" type="stmt" count="1"/>
        <metrics loc="49" ncloc="37" classes="1" methods="2" coveredmethods="2" conditionals="0" coveredconditionals="0" statements="12" coveredstatements="12" elements="14" coveredelements="14"/>
      </file>
    </package>
    <package name="Saci\Console\Domain\Entity">
      <file name="C:\inetpub\apps\console\src\Console\Domain\Entity\Module.php">
        <class name="Saci\Console\Domain\Entity\Module" namespace="Saci\Console\Domain\Entity" fullPackage="Saci" package="Saci">
          <metrics complexity="6" methods="5" coveredmethods="5" conditionals="0" coveredconditionals="0" statements="9" coveredstatements="9" elements="14" coveredelements="14"/>
        </class>
        <line num="54" type="method" name="__construct" visibility="public" complexity="2" crap="2" count="9"/>
        <line num="56" type="stmt" count="9"/>
        <line num="57" type="stmt" count="9"/>
        <line num="59" type="stmt" count="9"/>
        <line num="60" type="stmt" count="9"/>
        <line num="63" type="stmt" count="9"/>
        <line num="68" type="method" name="getName" visibility="public" complexity="1" crap="1" count="9"/>
        <line num="70" type="stmt" count="9"/>
        <line num="75" type="method" name="getPaths" visibility="public" complexity="1" crap="1" count="2"/>
        <line num="77" type="stmt" count="2"/>
        <line num="80" type="method" name="getPathModule" visibility="public" complexity="1" crap="1" count="2"/>
        <line num="82" type="stmt" count="2"/>
        <line num="88" type="method" name="getDiretorio" visibility="public" complexity="1" crap="1" count="9"/>
        <line num="90" type="stmt" count="9"/>
        <metrics loc="91" ncloc="71" classes="1" methods="5" coveredmethods="5" conditionals="0" coveredconditionals="0" statements="9" coveredstatements="9" elements="14" coveredelements="14"/>
      </file>
    </package>
    <package name="Saci\Console\Domain\Exceptions">
      <file name="C:\inetpub\apps\console\src\Console\Domain\Exceptions\ModuleAlreadyExists.php">
        <class name="Saci\Console\Domain\Exceptions\ModuleAlreadyExists" namespace="Saci\Console\Domain\Exceptions">
          <metrics complexity="2" methods="1" coveredmethods="1" conditionals="0" coveredconditionals="0" statements="5" coveredstatements="5" elements="6" coveredelements="6"/>
        </class>
        <line num="15" type="method" name="__construct" visibility="public" complexity="2" crap="2" count="3"/>
        <line num="17" type="stmt" count="3"/>
        <line num="19" type="stmt" count="3"/>
        <line num="20" type="stmt" count="2"/>
        <line num="23" type="stmt" count="3"/>
        <line num="24" type="stmt" count="3"/>
        <metrics loc="24" ncloc="18" classes="1" methods="1" coveredmethods="1" conditionals="0" coveredconditionals="0" statements="5" coveredstatements="5" elements="6" coveredelements="6"/>
      </file>
    </package>
    <file name="C:\inetpub\apps\console\src\Console\Domain\Services\ClassMaker.php">
      <metrics loc="14" ncloc="8" classes="0" methods="0" coveredmethods="0" conditionals="0" coveredconditionals="0" statements="0" coveredstatements="0" elements="0" coveredelements="0"/>
    </file>
    <file name="C:\inetpub\apps\console\src\Console\Domain\Services\ModuleMaker.php">
      <metrics loc="16" ncloc="10" classes="0" methods="0" coveredmethods="0" conditionals="0" coveredconditionals="0" statements="0" coveredstatements="0" elements="0" coveredelements="0"/>
    </file>
    <file name="C:\inetpub\apps\console\src\Console\Domain\Services\PhpClass.php">
      <metrics loc="16" ncloc="10" classes="0" methods="0" coveredmethods="0" conditionals="0" coveredconditionals="0" statements="0" coveredstatements="0" elements="0" coveredelements="0"/>
    </file>
    <package name="Saci\Console\Infrastructure\Domain\Services">
      <file name="C:\inetpub\apps\console\src\Console\Infrastructure\Domain\Services\ClassMaker.php">
        <class name="Saci\Console\Infrastructure\Domain\Services\ClassMaker" namespace="Saci\Console\Infrastructure\Domain\Services">
          <metrics complexity="2" methods="2" coveredmethods="2" conditionals="0" coveredconditionals="0" statements="5" coveredstatements="5" elements="7" coveredelements="7"/>
        </class>
        <line num="33" type="method" name="__construct" visibility="public" complexity="1" crap="1" count="3"/>
        <line num="35" type="stmt" count="3"/>
        <line num="36" type="stmt" count="3"/>
        <line num="37" type="stmt" count="3"/>
        <line num="43" type="method" name="generate" visibility="public" complexity="1" crap="1" count="2"/>
        <line num="45" type="stmt" count="2"/>
        <line num="47" type="stmt" count="2"/>
        <metrics loc="48" ncloc="27" classes="1" methods="2" coveredmethods="2" conditionals="0" coveredconditionals="0" statements="5" coveredstatements="5" elements="7" coveredelements="7"/>
      </file>
      <file name="C:\inetpub\apps\console\src\Console\Infrastructure\Domain\Services\ModuleMaker.php">
        <class name="Saci\Console\Infrastructure\Domain\Services\ModuleMaker" namespace="Saci\Console\Infrastructure\Domain\Services">
          <metrics complexity="3" methods="2" coveredmethods="2" conditionals="0" coveredconditionals="0" statements="6" coveredstatements="6" elements="8" coveredelements="8"/>
        </class>
        <line num="24" type="method" name="__construct" visibility="public" complexity="1" crap="1" count="4"/>
        <line num="26" type="stmt" count="4"/>
        <line num="27" type="stmt" count="4"/>
        <line num="33" type="method" name="make" visibility="public" complexity="2" crap="2" count="3"/>
        <line num="36" type="stmt" count="3"/>
        <line num="37" type="stmt" count="1"/>
        <line num="40" type="stmt" count="2"/>
        <line num="41" type="stmt" count="2"/>
        <metrics loc="41" ncloc="28" classes="1" methods="2" coveredmethods="2" conditionals="0" coveredconditionals="0" statements="6" coveredstatements="6" elements="8" coveredelements="8"/>
      </file>
      <file name="C:\inetpub\apps\console\src\Console\Infrastructure\Domain\Services\ModuleMakerFactory.php">
        <class name="Saci\Console\Infrastructure\Domain\Services\ModuleMakerFactory" namespace="Saci\Console\Infrastructure\Domain\Services">
          <metrics complexity="1" methods="1" coveredmethods="1" conditionals="0" coveredconditionals="0" statements="1" coveredstatements="1" elements="2" coveredelements="2"/>
        </class>
        <line num="17" type="method" name="create" visibility="public" complexity="1" crap="1" count="2"/>
        <line num="19" type="stmt" count="2"/>
        <metrics loc="20" ncloc="14" classes="1" methods="1" coveredmethods="1" conditionals="0" coveredconditionals="0" statements="1" coveredstatements="1" elements="2" coveredelements="2"/>
      </file>
    </package>
    <package name="Saci\Console\Infrastructure\Domain\Services\PhpClass">
      <file name="C:\inetpub\apps\console\src\Console\Infrastructure\Domain\Services\PhpClass\Mapping.php">
        <class name="Saci\Console\Infrastructure\Domain\Services\PhpClass\Mapping" namespace="Saci\Console\Infrastructure\Domain\Services\PhpClass">
          <metrics complexity="1" methods="1" coveredmethods="1" conditionals="0" coveredconditionals="0" statements="8" coveredstatements="8" elements="9" coveredelements="9"/>
        </class>
        <line num="20" type="method" name="make" visibility="public" complexity="1" crap="1" count="2"/>
        <line num="23" type="stmt" count="2"/>
        <line num="24" type="stmt" count="2"/>
        <line num="25" type="stmt" count="2"/>
        <line num="26" type="stmt" count="2"/>
        <line num="27" type="stmt" count="2"/>
        <line num="28" type="stmt" count="2"/>
        <line num="30" type="stmt" count="2"/>
        <line num="32" type="stmt" count="2"/>
        <metrics loc="33" ncloc="27" classes="1" methods="1" coveredmethods="1" conditionals="0" coveredconditionals="0" statements="8" coveredstatements="8" elements="9" coveredelements="9"/>
      </file>
      <file name="C:\inetpub\apps\console\src\Console\Infrastructure\Domain\Services\PhpClass\ServiceProvider.php">
        <class name="Saci\Console\Infrastructure\Domain\Services\PhpClass\ServiceProvider" namespace="Saci\Console\Infrastructure\Domain\Services\PhpClass">
          <metrics complexity="1" methods="1" coveredmethods="1" conditionals="0" coveredconditionals="0" statements="12" coveredstatements="12" elements="13" coveredelements="13"/>
        </class>
        <line num="22" type="method" name="make" visibility="public" complexity="1" crap="1" count="2"/>
        <line num="25" type="stmt" count="2"/>
        <line num="26" type="stmt" count="2"/>
        <line num="27" type="stmt" count="2"/>
        <line num="29" type="stmt" count="2"/>
        <line num="30" type="stmt" count="2"/>
        <line num="31" type="stmt" count="2"/>
        <line num="33" type="stmt" count="2"/>
        <line num="34" type="stmt" count="2"/>
        <line num="35" type="stmt" count="2"/>
        <line num="36" type="stmt" count="2"/>
        <line num="37" type="stmt" count="2"/>
        <line num="41" type="stmt" count="2"/>
        <metrics loc="42" ncloc="36" classes="1" methods="1" coveredmethods="1" conditionals="0" coveredconditionals="0" statements="12" coveredstatements="12" elements="13" coveredelements="13"/>
      </file>
    </package>
    <metrics files="11" loc="394" ncloc="286" classes="8" methods="15" coveredmethods="15" conditionals="0" coveredconditionals="0" statements="58" coveredstatements="58" elements="73" coveredelements="73"/>
  </project>
</coverage>
